.\cse452shell.pdb
C:\Users\Adina\Dropbox\Graphics\cse452files\cse452\cse452shell_assign1\.\cse452shell.exe
C:\USERS\ADINA\DROPBOX\GRAPHICS\CSE452FILES\CSE452\CSE452SHELL_ASSIGN1\CSE452SHELL.PDB
C:\USERS\ADINA\DROPBOX\GRAPHICS\CSE452FILES\CSE452\CSE452SHELL_ASSIGN1\CSE452SHELLDB.EXE
C:\USERS\ADINA\DROPBOX\GRAPHICS\CSE452FILES\CSE452\OBJS\BRUSHINTERFACE.OBJ
C:\USERS\ADINA\DROPBOX\GRAPHICS\CSE452FILES\CSE452\OBJS\CAMERA.OBJ
C:\USERS\ADINA\DROPBOX\GRAPHICS\CSE452FILES\CSE452\OBJS\CAMERAINTERFACE.OBJ
C:\USERS\ADINA\DROPBOX\GRAPHICS\CSE452FILES\CSE452\OBJS\CAMERAUI.OBJ
C:\Users\Adina\Dropbox\Graphics\cse452files\cse452\objs\cl.command.1.tlog
C:\Users\Adina\Dropbox\Graphics\cse452files\cse452\objs\CL.read.1.tlog
C:\Users\Adina\Dropbox\Graphics\cse452files\cse452\objs\CL.write.1.tlog
C:\USERS\ADINA\DROPBOX\GRAPHICS\CSE452FILES\CSE452\OBJS\CSE452SHELL.EXE.INTERMEDIATE.MANIFEST
C:\USERS\ADINA\DROPBOX\GRAPHICS\CSE452FILES\CSE452\OBJS\GLWINDOW.OBJ
C:\USERS\ADINA\DROPBOX\GRAPHICS\CSE452FILES\CSE452\OBJS\IBAR.OBJ
C:\USERS\ADINA\DROPBOX\GRAPHICS\CSE452FILES\CSE452\OBJS\INTERACTIVEINTERFACE.OBJ
C:\USERS\ADINA\DROPBOX\GRAPHICS\CSE452FILES\CSE452\OBJS\INTERACTIVEUI.OBJ
C:\USERS\ADINA\DROPBOX\GRAPHICS\CSE452FILES\CSE452\OBJS\INTERACTIVEWIDGET.OBJ
C:\USERS\ADINA\DROPBOX\GRAPHICS\CSE452FILES\CSE452\OBJS\INTERSECTIONINTERFACE.OBJ
C:\USERS\ADINA\DROPBOX\GRAPHICS\CSE452FILES\CSE452\OBJS\INTERSECTIONUI.OBJ
C:\Users\Adina\Dropbox\Graphics\cse452files\cse452\objs\link.command.1.tlog
C:\Users\Adina\Dropbox\Graphics\cse452files\cse452\objs\link.read.1.tlog
C:\Users\Adina\Dropbox\Graphics\cse452files\cse452\objs\link.write.1.tlog
C:\USERS\ADINA\DROPBOX\GRAPHICS\CSE452FILES\CSE452\OBJS\MAIN.OBJ
C:\USERS\ADINA\DROPBOX\GRAPHICS\CSE452FILES\CSE452\OBJS\MATRIX3.OBJ
C:\USERS\ADINA\DROPBOX\GRAPHICS\CSE452FILES\CSE452\OBJS\MATRIX4.OBJ
C:\Users\Adina\Dropbox\Graphics\cse452files\cse452\objs\mt.command.1.tlog
C:\Users\Adina\Dropbox\Graphics\cse452files\cse452\objs\mt.read.1.tlog
C:\Users\Adina\Dropbox\Graphics\cse452files\cse452\objs\mt.write.1.tlog
C:\USERS\ADINA\DROPBOX\GRAPHICS\CSE452FILES\CSE452\OBJS\MYBRUSH.OBJ
C:\USERS\ADINA\DROPBOX\GRAPHICS\CSE452FILES\CSE452\OBJS\MYBRUSH_UI.OBJ
C:\USERS\ADINA\DROPBOX\GRAPHICS\CSE452FILES\CSE452\OBJS\MYSCENE.OBJ
C:\USERS\ADINA\DROPBOX\GRAPHICS\CSE452FILES\CSE452\OBJS\MYSCENE_DRAW.OBJ
C:\USERS\ADINA\DROPBOX\GRAPHICS\CSE452FILES\CSE452\OBJS\MYSCENE_RENDER.OBJ
C:\USERS\ADINA\DROPBOX\GRAPHICS\CSE452FILES\CSE452\OBJS\MYSCENE_SELECT.OBJ
C:\USERS\ADINA\DROPBOX\GRAPHICS\CSE452FILES\CSE452\OBJS\POINT3.OBJ
C:\USERS\ADINA\DROPBOX\GRAPHICS\CSE452FILES\CSE452\OBJS\RENDERINGINTERFACE.OBJ
C:\USERS\ADINA\DROPBOX\GRAPHICS\CSE452FILES\CSE452\OBJS\RENDERINGUI.OBJ
C:\USERS\ADINA\DROPBOX\GRAPHICS\CSE452FILES\CSE452\OBJS\SCENEVIEWINTERFACE.OBJ
C:\USERS\ADINA\DROPBOX\GRAPHICS\CSE452FILES\CSE452\OBJS\SCENEVIEWUI.OBJ
C:\USERS\ADINA\DROPBOX\GRAPHICS\CSE452FILES\CSE452\OBJS\SCREENPOINT.OBJ
C:\USERS\ADINA\DROPBOX\GRAPHICS\CSE452FILES\CSE452\OBJS\SCREENVECTOR.OBJ
C:\USERS\ADINA\DROPBOX\GRAPHICS\CSE452FILES\CSE452\OBJS\SHAPESINTERFACE.OBJ
C:\USERS\ADINA\DROPBOX\GRAPHICS\CSE452FILES\CSE452\OBJS\SHAPESUI.OBJ
C:\USERS\ADINA\DROPBOX\GRAPHICS\CSE452FILES\CSE452\OBJS\SHELLINTERFACE.OBJ
C:\USERS\ADINA\DROPBOX\GRAPHICS\CSE452FILES\CSE452\OBJS\UIINTERFACE.OBJ
C:\USERS\ADINA\DROPBOX\GRAPHICS\CSE452FILES\CSE452\OBJS\VC100.PDB
C:\USERS\ADINA\DROPBOX\GRAPHICS\CSE452FILES\CSE452\OBJS\VECTOR3.OBJ
C:\USERS\ADINA\DROPBOX\GRAPHICS\CSE452FILES\CSE452\OBJS\VECTOR4.OBJ
